# JRE version: Java(TM) SE Runtime Environment (7.0_67-b01) (build 1.7.0_67-b01)
# Java VM: Java HotSpot(TM) 64-Bit Server VM (24.65-b04 mixed mode windows-amd64 compressed oops)
Heap
 PSYoungGen      total 128512K, used 100556K [0x00000000f5500000, 0x00000000fed00000, 0x0000000100000000)
  eden space 106496K, 85% used [0x00000000f5500000,0x00000000fae51d18,0x00000000fbd00000)
  from space 22016K, 41% used [0x00000000fd780000,0x00000000fe0614b0,0x00000000fed00000)
  to   space 24576K, 0% used [0x00000000fbd00000,0x00000000fbd00000,0x00000000fd500000)
 ParOldGen       total 143872K, used 115098K [0x00000000e0000000, 0x00000000e8c80000, 0x00000000f5500000)
  object space 143872K, 80% used [0x00000000e0000000,0x00000000e7066ac0,0x00000000e8c80000)
 PSPermGen       total 28160K, used 20398K [0x00000000dae00000, 0x00000000dc980000, 0x00000000e0000000)
  object space 28160K, 72% used [0x00000000dae00000,0x00000000dc1ebb58,0x00000000dc980000)
GC Heap History (10 events):
Event: 39.710 GC heap before
{Heap before GC invocations=32 (full 2):
 PSYoungGen      total 121856K, used 94992K [0x00000000f5500000, 0x00000000ff000000, 0x0000000100000000)
  eden space 87040K, 100% used [0x00000000f5500000,0x00000000faa00000,0x00000000faa00000)
  from space 34816K, 22% used [0x00000000faa00000,0x00000000fb1c4030,0x00000000fcc00000)
  to   space 32768K, 0% used [0x00000000fd000000,0x00000000fd000000,0x00000000ff000000)
 ParOldGen       total 143872K, used 114714K [0x00000000e0000000, 0x00000000e8c80000, 0x00000000f5500000)
  object space 143872K, 79% used [0x00000000e0000000,0x00000000e7006ac0,0x00000000e8c80000)
 PSPermGen       total 28160K, used 19950K [0x00000000dae00000, 0x00000000dc980000, 0x00000000e0000000)
  object space 28160K, 70% used [0x00000000dae00000,0x00000000dc17bac0,0x00000000dc980000)
Event: 39.732 GC heap after
Heap after GC invocations=32 (full 2):
 PSYoungGen      total 123904K, used 7920K [0x00000000f5500000, 0x00000000fed80000, 0x0000000100000000)
  eden space 93696K, 0% used [0x00000000f5500000,0x00000000f5500000,0x00000000fb080000)
  from space 30208K, 26% used [0x00000000fd000000,0x00000000fd7bc030,0x00000000fed80000)
  to   space 31232K, 0% used [0x00000000fb080000,0x00000000fb080000,0x00000000fcf00000)
 ParOldGen       total 143872K, used 114778K [0x00000000e0000000, 0x00000000e8c80000, 0x00000000f5500000)
  object space 143872K, 79% used [0x00000000e0000000,0x00000000e7016ac0,0x00000000e8c80000)
 PSPermGen       total 28160K, used 19950K [0x00000000dae00000, 0x00000000dc980000, 0x00000000e0000000)
  object space 28160K, 70% used [0x00000000dae00000,0x00000000dc17bac0,0x00000000dc980000)
}
Event: 40.927 GC heap before
{Heap before GC invocations=33 (full 2):
 PSYoungGen      total 123904K, used 101616K [0x00000000f5500000, 0x00000000fed80000, 0x0000000100000000)
  eden space 93696K, 100% used [0x00000000f5500000,0x00000000fb080000,0x00000000fb080000)
  from space 30208K, 26% used [0x00000000fd000000,0x00000000fd7bc030,0x00000000fed80000)
  to   space 31232K, 0% used [0x00000000fb080000,0x00000000fb080000,0x00000000fcf00000)
 ParOldGen       total 143872K, used 114778K [0x00000000e0000000, 0x00000000e8c80000, 0x00000000f5500000)
  object space 143872K, 79% used [0x00000000e0000000,0x00000000e7016ac0,0x00000000e8c80000)
 PSPermGen       total 28160K, used 19972K [0x00000000dae00000, 0x00000000dc980000, 0x00000000e0000000)
  object space 28160K, 70% used [0x00000000dae00000,0x00000000dc1813c0,0x00000000dc980000)
Event: 40.957 GC heap after
Heap after GC invocations=33 (full 2):
 PSYoungGen      total 124928K, used 8944K [0x00000000f5500000, 0x00000000ff000000, 0x0000000100000000)
  eden space 93696K, 0% used [0x00000000f5500000,0x00000000f5500000,0x00000000fb080000)
  from space 31232K, 28% used [0x00000000fb080000,0x00000000fb93c040,0x00000000fcf00000)
  to   space 29184K, 0% used [0x00000000fd380000,0x00000000fd380000,0x00000000ff000000)
 ParOldGen       total 143872K, used 114874K [0x00000000e0000000, 0x00000000e8c80000, 0x00000000f5500000)
  object space 143872K, 79% used [0x00000000e0000000,0x00000000e702eac0,0x00000000e8c80000)
 PSPermGen       total 28160K, used 19972K [0x00000000dae00000, 0x00000000dc980000, 0x00000000e0000000)
  object space 28160K, 70% used [0x00000000dae00000,0x00000000dc1813c0,0x00000000dc980000)
}
Event: 41.609 GC heap before
{Heap before GC invocations=34 (full 2):
 PSYoungGen      total 124928K, used 102640K [0x00000000f5500000, 0x00000000ff000000, 0x0000000100000000)
  eden space 93696K, 100% used [0x00000000f5500000,0x00000000fb080000,0x00000000fb080000)
  from space 31232K, 28% used [0x00000000fb080000,0x00000000fb93c040,0x00000000fcf00000)
  to   space 29184K, 0% used [0x00000000fd380000,0x00000000fd380000,0x00000000ff000000)
 ParOldGen       total 143872K, used 114874K [0x00000000e0000000, 0x00000000e8c80000, 0x00000000f5500000)
  object space 143872K, 79% used [0x00000000e0000000,0x00000000e702eac0,0x00000000e8c80000)
 PSPermGen       total 28160K, used 19977K [0x00000000dae00000, 0x00000000dc980000, 0x00000000e0000000)
  object space 28160K, 70% used [0x00000000dae00000,0x00000000dc182530,0x00000000dc980000)
Event: 41.635 GC heap after
Heap after GC invocations=34 (full 2):
 PSYoungGen      total 128512K, used 7712K [0x00000000f5500000, 0x00000000fee80000, 0x0000000100000000)
  eden space 100864K, 0% used [0x00000000f5500000,0x00000000f5500000,0x00000000fb780000)
  from space 27648K, 27% used [0x00000000fd380000,0x00000000fdb08020,0x00000000fee80000)
  to   space 28160K, 0% used [0x00000000fb780000,0x00000000fb780000,0x00000000fd300000)
 ParOldGen       total 143872K, used 115050K [0x00000000e0000000, 0x00000000e8c80000, 0x00000000f5500000)
  object space 143872K, 79% used [0x00000000e0000000,0x00000000e705aac0,0x00000000e8c80000)
 PSPermGen       total 28160K, used 19977K [0x00000000dae00000, 0x00000000dc980000, 0x00000000e0000000)
  object space 28160K, 70% used [0x00000000dae00000,0x00000000dc182530,0x00000000dc980000)
}
Event: 42.304 GC heap before
{Heap before GC invocations=35 (full 2):
 PSYoungGen      total 128512K, used 108576K [0x00000000f5500000, 0x00000000fee80000, 0x0000000100000000)
  eden space 100864K, 100% used [0x00000000f5500000,0x00000000fb780000,0x00000000fb780000)
  from space 27648K, 27% used [0x00000000fd380000,0x00000000fdb08020,0x00000000fee80000)
  to   space 28160K, 0% used [0x00000000fb780000,0x00000000fb780000,0x00000000fd300000)
 ParOldGen       total 143872K, used 115050K [0x00000000e0000000, 0x00000000e8c80000, 0x00000000f5500000)
  object space 143872K, 79% used [0x00000000e0000000,0x00000000e705aac0,0x00000000e8c80000)
 PSPermGen       total 28160K, used 19985K [0x00000000dae00000, 0x00000000dc980000, 0x00000000e0000000)
  object space 28160K, 70% used [0x00000000dae00000,0x00000000dc1844e8,0x00000000dc980000)
Event: 42.327 GC heap after
Heap after GC invocations=35 (full 2):
 PSYoungGen      total 129024K, used 10160K [0x00000000f5500000, 0x00000000ff100000, 0x0000000100000000)
  eden space 100864K, 0% used [0x00000000f5500000,0x00000000f5500000,0x00000000fb780000)
  from space 28160K, 36% used [0x00000000fb780000,0x00000000fc16c070,0x00000000fd300000)
  to   space 26112K, 0% used [0x00000000fd780000,0x00000000fd780000,0x00000000ff100000)
 ParOldGen       total 143872K, used 115074K [0x00000000e0000000, 0x00000000e8c80000, 0x00000000f5500000)
  object space 143872K, 79% used [0x00000000e0000000,0x00000000e7060ac0,0x00000000e8c80000)
 PSPermGen       total 28160K, used 19985K [0x00000000dae00000, 0x00000000dc980000, 0x00000000e0000000)
  object space 28160K, 70% used [0x00000000dae00000,0x00000000dc1844e8,0x00000000dc980000)
}
Event: 44.539 GC heap before
{Heap before GC invocations=36 (full 2):
 PSYoungGen      total 129024K, used 111024K [0x00000000f5500000, 0x00000000ff100000, 0x0000000100000000)
  eden space 100864K, 100% used [0x00000000f5500000,0x00000000fb780000,0x00000000fb780000)
  from space 28160K, 36% used [0x00000000fb780000,0x00000000fc16c070,0x00000000fd300000)
  to   space 26112K, 0% used [0x00000000fd780000,0x00000000fd780000,0x00000000ff100000)
 ParOldGen       total 143872K, used 115074K [0x00000000e0000000, 0x00000000e8c80000, 0x00000000f5500000)
  object space 143872K, 79% used [0x00000000e0000000,0x00000000e7060ac0,0x00000000e8c80000)
 PSPermGen       total 28160K, used 20379K [0x00000000dae00000, 0x00000000dc980000, 0x00000000e0000000)
  object space 28160K, 72% used [0x00000000dae00000,0x00000000dc1e6e18,0x00000000dc980000)
Event: 44.556 GC heap after
Heap after GC invocations=36 (full 2):
 PSYoungGen      total 128512K, used 9093K [0x00000000f5500000, 0x00000000fed00000, 0x0000000100000000)
  eden space 106496K, 0% used [0x00000000f5500000,0x00000000f5500000,0x00000000fbd00000)
  from space 22016K, 41% used [0x00000000fd780000,0x00000000fe0614b0,0x00000000fed00000)
  to   space 24576K, 0% used [0x00000000fbd00000,0x00000000fbd00000,0x00000000fd500000)
 ParOldGen       total 143872K, used 115098K [0x00000000e0000000, 0x00000000e8c80000, 0x00000000f5500000)
  object space 143872K, 80% used [0x00000000e0000000,0x00000000e7066ac0,0x00000000e8c80000)
 PSPermGen       total 28160K, used 20379K [0x00000000dae00000, 0x00000000dc980000, 0x00000000e0000000)
  object space 28160K, 72% used [0x00000000dae00000,0x00000000dc1e6e18,0x00000000dc980000)
}

