# JRE version: Java(TM) SE Runtime Environment (7.0_67-b01) (build 1.7.0_67-b01)
# Java VM: Java HotSpot(TM) 64-Bit Server VM (24.65-b04 mixed mode windows-amd64 compressed oops)
Heap
 PSYoungGen      total 72704K, used 52392K [0x00000000f5500000, 0x00000000fc680000, 0x0000000100000000)
  eden space 52736K, 61% used [0x00000000f5500000,0x00000000f74ae038,0x00000000f8880000)
  from space 19968K, 99% used [0x00000000fa100000,0x00000000fb47c040,0x00000000fb480000)
  to   space 25088K, 0% used [0x00000000f8880000,0x00000000f8880000,0x00000000fa100000)
 ParOldGen       total 81920K, used 41015K [0x00000000e0000000, 0x00000000e5000000, 0x00000000f5500000)
  object space 81920K, 50% used [0x00000000e0000000,0x00000000e280de70,0x00000000e5000000)
 PSPermGen       total 21504K, used 19270K [0x00000000dae00000, 0x00000000dc300000, 0x00000000e0000000)
  object space 21504K, 89% used [0x00000000dae00000,0x00000000dc0d1988,0x00000000dc300000)
GC Heap History (10 events):
Event: 2.253 GC heap before
{Heap before GC invocations=5 (full 0):
 PSYoungGen      total 35328K, used 35240K [0x00000000f5500000, 0x00000000f7a00000, 0x0000000100000000)
  eden space 32768K, 99% used [0x00000000f5500000,0x00000000f74ee188,0x00000000f7500000)
  from space 2560K, 99% used [0x00000000f7780000,0x00000000f79fc030,0x00000000f7a00000)
  to   space 2560K, 0% used [0x00000000f7500000,0x00000000f7500000,0x00000000f7780000)
 ParOldGen       total 41984K, used 20752K [0x00000000e0000000, 0x00000000e2900000, 0x00000000f5500000)
  object space 41984K, 49% used [0x00000000e0000000,0x00000000e1444348,0x00000000e2900000)
 PSPermGen       total 21504K, used 9827K [0x00000000dae00000, 0x00000000dc300000, 0x00000000e0000000)
  object space 21504K, 45% used [0x00000000dae00000,0x00000000db798e28,0x00000000dc300000)
Event: 2.286 GC heap after
Heap after GC invocations=5 (full 0):
 PSYoungGen      total 35328K, used 2528K [0x00000000f5500000, 0x00000000fbd00000, 0x0000000100000000)
  eden space 32768K, 0% used [0x00000000f5500000,0x00000000f5500000,0x00000000f7500000)
  from space 2560K, 98% used [0x00000000f7500000,0x00000000f7778030,0x00000000f7780000)
  to   space 20480K, 0% used [0x00000000fa900000,0x00000000fa900000,0x00000000fbd00000)
 ParOldGen       total 41984K, used 36289K [0x00000000e0000000, 0x00000000e2900000, 0x00000000f5500000)
  object space 41984K, 86% used [0x00000000e0000000,0x00000000e23706c8,0x00000000e2900000)
 PSPermGen       total 21504K, used 9827K [0x00000000dae00000, 0x00000000dc300000, 0x00000000e0000000)
  object space 21504K, 45% used [0x00000000dae00000,0x00000000db798e28,0x00000000dc300000)
}
Event: 2.286 GC heap before
{Heap before GC invocations=6 (full 1):
 PSYoungGen      total 35328K, used 2528K [0x00000000f5500000, 0x00000000fbd00000, 0x0000000100000000)
  eden space 32768K, 0% used [0x00000000f5500000,0x00000000f5500000,0x00000000f7500000)
  from space 2560K, 98% used [0x00000000f7500000,0x00000000f7778030,0x00000000f7780000)
  to   space 20480K, 0% used [0x00000000fa900000,0x00000000fa900000,0x00000000fbd00000)
 ParOldGen       total 41984K, used 36289K [0x00000000e0000000, 0x00000000e2900000, 0x00000000f5500000)
  object space 41984K, 86% used [0x00000000e0000000,0x00000000e23706c8,0x00000000e2900000)
 PSPermGen       total 21504K, used 9827K [0x00000000dae00000, 0x00000000dc300000, 0x00000000e0000000)
  object space 21504K, 45% used [0x00000000dae00000,0x00000000db798e28,0x00000000dc300000)
Event: 2.668 GC heap after
Heap after GC invocations=6 (full 1):
 PSYoungGen      total 35328K, used 0K [0x00000000f5500000, 0x00000000fbd00000, 0x0000000100000000)
  eden space 32768K, 0% used [0x00000000f5500000,0x00000000f5500000,0x00000000f7500000)
  from space 2560K, 0% used [0x00000000f7500000,0x00000000f7500000,0x00000000f7780000)
  to   space 20480K, 0% used [0x00000000fa900000,0x00000000fa900000,0x00000000fbd00000)
 ParOldGen       total 81920K, used 37218K [0x00000000e0000000, 0x00000000e5000000, 0x00000000f5500000)
  object space 81920K, 45% used [0x00000000e0000000,0x00000000e24589e0,0x00000000e5000000)
 PSPermGen       total 21504K, used 9822K [0x00000000dae00000, 0x00000000dc300000, 0x00000000e0000000)
  object space 21504K, 45% used [0x00000000dae00000,0x00000000db797988,0x00000000dc300000)
}
Event: 3.360 GC heap before
{Heap before GC invocations=7 (full 1):
 PSYoungGen      total 35328K, used 32768K [0x00000000f5500000, 0x00000000fbd00000, 0x0000000100000000)
  eden space 32768K, 100% used [0x00000000f5500000,0x00000000f7500000,0x00000000f7500000)
  from space 2560K, 0% used [0x00000000f7500000,0x00000000f7500000,0x00000000f7780000)
  to   space 20480K, 0% used [0x00000000fa900000,0x00000000fa900000,0x00000000fbd00000)
 ParOldGen       total 81920K, used 37218K [0x00000000e0000000, 0x00000000e5000000, 0x00000000f5500000)
  object space 81920K, 45% used [0x00000000e0000000,0x00000000e24589e0,0x00000000e5000000)
 PSPermGen       total 21504K, used 12302K [0x00000000dae00000, 0x00000000dc300000, 0x00000000e0000000)
  object space 21504K, 57% used [0x00000000dae00000,0x00000000dba03a20,0x00000000dc300000)
Event: 3.370 GC heap after
Heap after GC invocations=7 (full 1):
 PSYoungGen      total 49664K, used 5462K [0x00000000f5500000, 0x00000000fae80000, 0x0000000100000000)
  eden space 44032K, 0% used [0x00000000f5500000,0x00000000f5500000,0x00000000f8000000)
  from space 5632K, 96% used [0x00000000fa900000,0x00000000fae55848,0x00000000fae80000)
  to   space 19968K, 0% used [0x00000000f8780000,0x00000000f8780000,0x00000000f9b00000)
 ParOldGen       total 81920K, used 37218K [0x00000000e0000000, 0x00000000e5000000, 0x00000000f5500000)
  object space 81920K, 45% used [0x00000000e0000000,0x00000000e24589e0,0x00000000e5000000)
 PSPermGen       total 21504K, used 12302K [0x00000000dae00000, 0x00000000dc300000, 0x00000000e0000000)
  object space 21504K, 57% used [0x00000000dae00000,0x00000000dba03a20,0x00000000dc300000)
}
Event: 4.065 GC heap before
{Heap before GC invocations=8 (full 1):
 PSYoungGen      total 49664K, used 49494K [0x00000000f5500000, 0x00000000fae80000, 0x0000000100000000)
  eden space 44032K, 100% used [0x00000000f5500000,0x00000000f8000000,0x00000000f8000000)
  from space 5632K, 96% used [0x00000000fa900000,0x00000000fae55848,0x00000000fae80000)
  to   space 19968K, 0% used [0x00000000f8780000,0x00000000f8780000,0x00000000f9b00000)
 ParOldGen       total 81920K, used 37218K [0x00000000e0000000, 0x00000000e5000000, 0x00000000f5500000)
  object space 81920K, 45% used [0x00000000e0000000,0x00000000e24589e0,0x00000000e5000000)
 PSPermGen       total 21504K, used 12721K [0x00000000dae00000, 0x00000000dc300000, 0x00000000e0000000)
  object space 21504K, 59% used [0x00000000dae00000,0x00000000dba6c660,0x00000000dc300000)
Event: 4.084 GC heap after
Heap after GC invocations=8 (full 1):
 PSYoungGen      total 71680K, used 12331K [0x00000000f5500000, 0x00000000fb480000, 0x0000000100000000)
  eden space 51712K, 0% used [0x00000000f5500000,0x00000000f5500000,0x00000000f8780000)
  from space 19968K, 61% used [0x00000000f8780000,0x00000000f938ae60,0x00000000f9b00000)
  to   space 19968K, 0% used [0x00000000fa100000,0x00000000fa100000,0x00000000fb480000)
 ParOldGen       total 81920K, used 37218K [0x00000000e0000000, 0x00000000e5000000, 0x00000000f5500000)
  object space 81920K, 45% used [0x00000000e0000000,0x00000000e24589e0,0x00000000e5000000)
 PSPermGen       total 21504K, used 12721K [0x00000000dae00000, 0x00000000dc300000, 0x00000000e0000000)
  object space 21504K, 59% used [0x00000000dae00000,0x00000000dba6c660,0x00000000dc300000)
}
Event: 5.137 GC heap before
{Heap before GC invocations=9 (full 1):
 PSYoungGen      total 71680K, used 64043K [0x00000000f5500000, 0x00000000fb480000, 0x0000000100000000)
  eden space 51712K, 100% used [0x00000000f5500000,0x00000000f8780000,0x00000000f8780000)
  from space 19968K, 61% used [0x00000000f8780000,0x00000000f938ae60,0x00000000f9b00000)
  to   space 19968K, 0% used [0x00000000fa100000,0x00000000fa100000,0x00000000fb480000)
 ParOldGen       total 81920K, used 37218K [0x00000000e0000000, 0x00000000e5000000, 0x00000000f5500000)
  object space 81920K, 45% used [0x00000000e0000000,0x00000000e24589e0,0x00000000e5000000)
 PSPermGen       total 21504K, used 17382K [0x00000000dae00000, 0x00000000dc300000, 0x00000000e0000000)
  object space 21504K, 80% used [0x00000000dae00000,0x00000000dbef9b70,0x00000000dc300000)
Event: 5.170 GC heap after
Heap after GC invocations=9 (full 1):
 PSYoungGen      total 72704K, used 19952K [0x00000000f5500000, 0x00000000fc680000, 0x0000000100000000)
  eden space 52736K, 0% used [0x00000000f5500000,0x00000000f5500000,0x00000000f8880000)
  from space 19968K, 99% used [0x00000000fa100000,0x00000000fb47c040,0x00000000fb480000)
  to   space 25088K, 0% used [0x00000000f8880000,0x00000000f8880000,0x00000000fa100000)
 ParOldGen       total 81920K, used 41015K [0x00000000e0000000, 0x00000000e5000000, 0x00000000f5500000)
  object space 81920K, 50% used [0x00000000e0000000,0x00000000e280de70,0x00000000e5000000)
 PSPermGen       total 21504K, used 17382K [0x00000000dae00000, 0x00000000dc300000, 0x00000000e0000000)
  object space 21504K, 80% used [0x00000000dae00000,0x00000000dbef9b70,0x00000000dc300000)
}

