# JRE version: Java(TM) SE Runtime Environment (7.0_67-b01) (build 1.7.0_67-b01)
# Java VM: Java HotSpot(TM) 64-Bit Server VM (24.65-b04 mixed mode windows-amd64 compressed oops)
Heap
 PSYoungGen      total 100352K, used 66075K [0x00000000f5500000, 0x00000000fea80000, 0x0000000100000000)
  eden space 60928K, 54% used [0x00000000f5500000,0x00000000f7527768,0x00000000f9080000)
  from space 39424K, 84% used [0x00000000fbb00000,0x00000000fdb5f6d8,0x00000000fe180000)
  to   space 43520K, 0% used [0x00000000f9080000,0x00000000f9080000,0x00000000fbb00000)
 ParOldGen       total 82432K, used 43518K [0x00000000e0000000, 0x00000000e5080000, 0x00000000f5500000)
  object space 82432K, 52% used [0x00000000e0000000,0x00000000e2a7fa78,0x00000000e5080000)
 PSPermGen       total 33280K, used 32874K [0x00000000dae00000, 0x00000000dce80000, 0x00000000e0000000)
  object space 33280K, 98% used [0x00000000dae00000,0x00000000dce1a978,0x00000000dce80000)
GC Heap History (10 events):
Event: 4.977 GC heap before
{Heap before GC invocations=9 (full 1):
 PSYoungGen      total 70656K, used 61011K [0x00000000f5500000, 0x00000000fb400000, 0x0000000100000000)
  eden space 50176K, 100% used [0x00000000f5500000,0x00000000f8600000,0x00000000f8600000)
  from space 20480K, 52% used [0x00000000f8600000,0x00000000f9094c50,0x00000000f9a00000)
  to   space 19968K, 0% used [0x00000000fa080000,0x00000000fa080000,0x00000000fb400000)
 ParOldGen       total 82432K, used 37693K [0x00000000e0000000, 0x00000000e5080000, 0x00000000f5500000)
  object space 82432K, 45% used [0x00000000e0000000,0x00000000e24cf558,0x00000000e5080000)
 PSPermGen       total 21504K, used 17381K [0x00000000dae00000, 0x00000000dc300000, 0x00000000e0000000)
  object space 21504K, 80% used [0x00000000dae00000,0x00000000dbef97d0,0x00000000dc300000)
Event: 5.008 GC heap after
Heap after GC invocations=9 (full 1):
 PSYoungGen      total 73216K, used 19958K [0x00000000f5500000, 0x00000000fc280000, 0x0000000100000000)
  eden space 53248K, 0% used [0x00000000f5500000,0x00000000f5500000,0x00000000f8900000)
  from space 19968K, 99% used [0x00000000fa080000,0x00000000fb3fdbe8,0x00000000fb400000)
  to   space 24064K, 0% used [0x00000000f8900000,0x00000000f8900000,0x00000000fa080000)
 ParOldGen       total 82432K, used 39642K [0x00000000e0000000, 0x00000000e5080000, 0x00000000f5500000)
  object space 82432K, 48% used [0x00000000e0000000,0x00000000e26b6bf8,0x00000000e5080000)
 PSPermGen       total 21504K, used 17381K [0x00000000dae00000, 0x00000000dc300000, 0x00000000e0000000)
  object space 21504K, 80% used [0x00000000dae00000,0x00000000dbef97d0,0x00000000dc300000)
}
Event: 6.458 GC heap before
{Heap before GC invocations=10 (full 1):
 PSYoungGen      total 73216K, used 73206K [0x00000000f5500000, 0x00000000fc280000, 0x0000000100000000)
  eden space 53248K, 100% used [0x00000000f5500000,0x00000000f8900000,0x00000000f8900000)
  from space 19968K, 99% used [0x00000000fa080000,0x00000000fb3fdbe8,0x00000000fb400000)
  to   space 24064K, 0% used [0x00000000f8900000,0x00000000f8900000,0x00000000fa080000)
 ParOldGen       total 82432K, used 39642K [0x00000000e0000000, 0x00000000e5080000, 0x00000000f5500000)
  object space 82432K, 48% used [0x00000000e0000000,0x00000000e26b6bf8,0x00000000e5080000)
 PSPermGen       total 21504K, used 20376K [0x00000000dae00000, 0x00000000dc300000, 0x00000000e0000000)
  object space 21504K, 94% used [0x00000000dae00000,0x00000000dc1e6090,0x00000000dc300000)
Event: 6.512 GC heap after
Heap after GC invocations=10 (full 1):
 PSYoungGen      total 77312K, used 24060K [0x00000000f5500000, 0x00000000fcb80000, 0x0000000100000000)
  eden space 53248K, 0% used [0x00000000f5500000,0x00000000f5500000,0x00000000f8900000)
  from space 24064K, 99% used [0x00000000f8900000,0x00000000fa07f140,0x00000000fa080000)
  to   space 29696K, 0% used [0x00000000fae80000,0x00000000fae80000,0x00000000fcb80000)
 ParOldGen       total 82432K, used 43518K [0x00000000e0000000, 0x00000000e5080000, 0x00000000f5500000)
  object space 82432K, 52% used [0x00000000e0000000,0x00000000e2a7fa78,0x00000000e5080000)
 PSPermGen       total 21504K, used 20376K [0x00000000dae00000, 0x00000000dc300000, 0x00000000e0000000)
  object space 21504K, 94% used [0x00000000dae00000,0x00000000dc1e6090,0x00000000dc300000)
}
Event: 7.383 GC heap before
{Heap before GC invocations=11 (full 1):
 PSYoungGen      total 77312K, used 77308K [0x00000000f5500000, 0x00000000fcb80000, 0x0000000100000000)
  eden space 53248K, 100% used [0x00000000f5500000,0x00000000f8900000,0x00000000f8900000)
  from space 24064K, 99% used [0x00000000f8900000,0x00000000fa07f140,0x00000000fa080000)
  to   space 29696K, 0% used [0x00000000fae80000,0x00000000fae80000,0x00000000fcb80000)
 ParOldGen       total 82432K, used 43518K [0x00000000e0000000, 0x00000000e5080000, 0x00000000f5500000)
  object space 82432K, 52% used [0x00000000e0000000,0x00000000e2a7fa78,0x00000000e5080000)
 PSPermGen       total 22016K, used 21572K [0x00000000dae00000, 0x00000000dc380000, 0x00000000e0000000)
  object space 22016K, 97% used [0x00000000dae00000,0x00000000dc3113c0,0x00000000dc380000)
Event: 7.436 GC heap after
Heap after GC invocations=11 (full 1):
 PSYoungGen      total 87040K, used 29655K [0x00000000f5500000, 0x00000000fd480000, 0x0000000100000000)
  eden space 57344K, 0% used [0x00000000f5500000,0x00000000f5500000,0x00000000f8d00000)
  from space 29696K, 99% used [0x00000000fae80000,0x00000000fcb75f18,0x00000000fcb80000)
  to   space 34304K, 0% used [0x00000000f8d00000,0x00000000f8d00000,0x00000000fae80000)
 ParOldGen       total 82432K, used 43518K [0x00000000e0000000, 0x00000000e5080000, 0x00000000f5500000)
  object space 82432K, 52% used [0x00000000e0000000,0x00000000e2a7fa78,0x00000000e5080000)
 PSPermGen       total 22016K, used 21572K [0x00000000dae00000, 0x00000000dc380000, 0x00000000e0000000)
  object space 22016K, 97% used [0x00000000dae00000,0x00000000dc3113c0,0x00000000dc380000)
}
Event: 29.333 GC heap before
{Heap before GC invocations=12 (full 1):
 PSYoungGen      total 87040K, used 86999K [0x00000000f5500000, 0x00000000fd480000, 0x0000000100000000)
  eden space 57344K, 100% used [0x00000000f5500000,0x00000000f8d00000,0x00000000f8d00000)
  from space 29696K, 99% used [0x00000000fae80000,0x00000000fcb75f18,0x00000000fcb80000)
  to   space 34304K, 0% used [0x00000000f8d00000,0x00000000f8d00000,0x00000000fae80000)
 ParOldGen       total 82432K, used 43518K [0x00000000e0000000, 0x00000000e5080000, 0x00000000f5500000)
  object space 82432K, 52% used [0x00000000e0000000,0x00000000e2a7fa78,0x00000000e5080000)
 PSPermGen       total 26624K, used 26509K [0x00000000dae00000, 0x00000000dc800000, 0x00000000e0000000)
  object space 26624K, 99% used [0x00000000dae00000,0x00000000dc7e3780,0x00000000dc800000)
Event: 29.427 GC heap after
Heap after GC invocations=12 (full 1):
 PSYoungGen      total 91648K, used 33748K [0x00000000f5500000, 0x00000000fe180000, 0x0000000100000000)
  eden space 57344K, 0% used [0x00000000f5500000,0x00000000f5500000,0x00000000f8d00000)
  from space 34304K, 98% used [0x00000000f8d00000,0x00000000fadf5388,0x00000000fae80000)
  to   space 39424K, 0% used [0x00000000fbb00000,0x00000000fbb00000,0x00000000fe180000)
 ParOldGen       total 82432K, used 43518K [0x00000000e0000000, 0x00000000e5080000, 0x00000000f5500000)
  object space 82432K, 52% used [0x00000000e0000000,0x00000000e2a7fa78,0x00000000e5080000)
 PSPermGen       total 26624K, used 26509K [0x00000000dae00000, 0x00000000dc800000, 0x00000000e0000000)
  object space 26624K, 99% used [0x00000000dae00000,0x00000000dc7e3780,0x00000000dc800000)
}
Event: 31.199 GC heap before
{Heap before GC invocations=13 (full 1):
 PSYoungGen      total 91648K, used 91092K [0x00000000f5500000, 0x00000000fe180000, 0x0000000100000000)
  eden space 57344K, 100% used [0x00000000f5500000,0x00000000f8d00000,0x00000000f8d00000)
  from space 34304K, 98% used [0x00000000f8d00000,0x00000000fadf5388,0x00000000fae80000)
  to   space 39424K, 0% used [0x00000000fbb00000,0x00000000fbb00000,0x00000000fe180000)
 ParOldGen       total 82432K, used 43518K [0x00000000e0000000, 0x00000000e5080000, 0x00000000f5500000)
  object space 82432K, 52% used [0x00000000e0000000,0x00000000e2a7fa78,0x00000000e5080000)
 PSPermGen       total 30720K, used 30719K [0x00000000dae00000, 0x00000000dcc00000, 0x00000000e0000000)
  object space 30720K, 99% used [0x00000000dae00000,0x00000000dcbffc18,0x00000000dcc00000)
Event: 31.311 GC heap after
Heap after GC invocations=13 (full 1):
 PSYoungGen      total 100352K, used 33149K [0x00000000f5500000, 0x00000000fea80000, 0x0000000100000000)
  eden space 60928K, 0% used [0x00000000f5500000,0x00000000f5500000,0x00000000f9080000)
  from space 39424K, 84% used [0x00000000fbb00000,0x00000000fdb5f6d8,0x00000000fe180000)
  to   space 43520K, 0% used [0x00000000f9080000,0x00000000f9080000,0x00000000fbb00000)
 ParOldGen       total 82432K, used 43518K [0x00000000e0000000, 0x00000000e5080000, 0x00000000f5500000)
  object space 82432K, 52% used [0x00000000e0000000,0x00000000e2a7fa78,0x00000000e5080000)
 PSPermGen       total 30720K, used 30719K [0x00000000dae00000, 0x00000000dcc00000, 0x00000000e0000000)
  object space 30720K, 99% used [0x00000000dae00000,0x00000000dcbffc18,0x00000000dcc00000)
}

