# JRE version: Java(TM) SE Runtime Environment (7.0_67-b01) (build 1.7.0_67-b01)
# Java VM: Java HotSpot(TM) 64-Bit Server VM (24.65-b04 mixed mode windows-amd64 compressed oops)
Heap
 PSYoungGen      total 18944K, used 13122K [0x00000000f5500000, 0x00000000f7a00000, 0x0000000100000000)
  eden space 16384K, 64% used [0x00000000f5500000,0x00000000f5f54820,0x00000000f6500000)
  from space 2560K, 99% used [0x00000000f6500000,0x00000000f677c020,0x00000000f6780000)
  to   space 2560K, 0% used [0x00000000f7780000,0x00000000f7780000,0x00000000f7a00000)
 ParOldGen       total 41984K, used 12126K [0x00000000e0000000, 0x00000000e2900000, 0x00000000f5500000)
  object space 41984K, 28% used [0x00000000e0000000,0x00000000e0bd7b58,0x00000000e2900000)
 PSPermGen       total 21504K, used 8428K [0x00000000dae00000, 0x00000000dc300000, 0x00000000e0000000)
  object space 21504K, 39% used [0x00000000dae00000,0x00000000db63b310,0x00000000dc300000)
GC Heap History (6 events):
Event: 0.933 GC heap before
{Heap before GC invocations=1 (full 0):
 PSYoungGen      total 18944K, used 16384K [0x00000000f5500000, 0x00000000f6a00000, 0x0000000100000000)
  eden space 16384K, 100% used [0x00000000f5500000,0x00000000f6500000,0x00000000f6500000)
  from space 2560K, 0% used [0x00000000f6780000,0x00000000f6780000,0x00000000f6a00000)
  to   space 2560K, 0% used [0x00000000f6500000,0x00000000f6500000,0x00000000f6780000)
 ParOldGen       total 41984K, used 0K [0x00000000e0000000, 0x00000000e2900000, 0x00000000f5500000)
  object space 41984K, 0% used [0x00000000e0000000,0x00000000e0000000,0x00000000e2900000)
 PSPermGen       total 21504K, used 5398K [0x00000000dae00000, 0x00000000dc300000, 0x00000000e0000000)
  object space 21504K, 25% used [0x00000000dae00000,0x00000000db345860,0x00000000dc300000)
Event: 0.941 GC heap after
Heap after GC invocations=1 (full 0):
 PSYoungGen      total 18944K, used 2373K [0x00000000f5500000, 0x00000000f6a00000, 0x0000000100000000)
  eden space 16384K, 0% used [0x00000000f5500000,0x00000000f5500000,0x00000000f6500000)
  from space 2560K, 92% used [0x00000000f6500000,0x00000000f67517d8,0x00000000f6780000)
  to   space 2560K, 0% used [0x00000000f6780000,0x00000000f6780000,0x00000000f6a00000)
 ParOldGen       total 41984K, used 0K [0x00000000e0000000, 0x00000000e2900000, 0x00000000f5500000)
  object space 41984K, 0% used [0x00000000e0000000,0x00000000e0000000,0x00000000e2900000)
 PSPermGen       total 21504K, used 5398K [0x00000000dae00000, 0x00000000dc300000, 0x00000000e0000000)
  object space 21504K, 25% used [0x00000000dae00000,0x00000000db345860,0x00000000dc300000)
}
Event: 1.665 GC heap before
{Heap before GC invocations=2 (full 0):
 PSYoungGen      total 18944K, used 18757K [0x00000000f5500000, 0x00000000f6a00000, 0x0000000100000000)
  eden space 16384K, 100% used [0x00000000f5500000,0x00000000f6500000,0x00000000f6500000)
  from space 2560K, 92% used [0x00000000f6500000,0x00000000f67517d8,0x00000000f6780000)
  to   space 2560K, 0% used [0x00000000f6780000,0x00000000f6780000,0x00000000f6a00000)
 ParOldGen       total 41984K, used 0K [0x00000000e0000000, 0x00000000e2900000, 0x00000000f5500000)
  object space 41984K, 0% used [0x00000000e0000000,0x00000000e0000000,0x00000000e2900000)
 PSPermGen       total 21504K, used 6475K [0x00000000dae00000, 0x00000000dc300000, 0x00000000e0000000)
  object space 21504K, 30% used [0x00000000dae00000,0x00000000db452fb0,0x00000000dc300000)
Event: 1.677 GC heap after
Heap after GC invocations=2 (full 0):
 PSYoungGen      total 18944K, used 2544K [0x00000000f5500000, 0x00000000f7a00000, 0x0000000100000000)
  eden space 16384K, 0% used [0x00000000f5500000,0x00000000f5500000,0x00000000f6500000)
  from space 2560K, 99% used [0x00000000f6780000,0x00000000f69fc040,0x00000000f6a00000)
  to   space 2560K, 0% used [0x00000000f6500000,0x00000000f6500000,0x00000000f6780000)
 ParOldGen       total 41984K, used 4572K [0x00000000e0000000, 0x00000000e2900000, 0x00000000f5500000)
  object space 41984K, 10% used [0x00000000e0000000,0x00000000e0477028,0x00000000e2900000)
 PSPermGen       total 21504K, used 6475K [0x00000000dae00000, 0x00000000dc300000, 0x00000000e0000000)
  object space 21504K, 30% used [0x00000000dae00000,0x00000000db452fb0,0x00000000dc300000)
}
Event: 2.034 GC heap before
{Heap before GC invocations=3 (full 0):
 PSYoungGen      total 18944K, used 18928K [0x00000000f5500000, 0x00000000f7a00000, 0x0000000100000000)
  eden space 16384K, 100% used [0x00000000f5500000,0x00000000f6500000,0x00000000f6500000)
  from space 2560K, 99% used [0x00000000f6780000,0x00000000f69fc040,0x00000000f6a00000)
  to   space 2560K, 0% used [0x00000000f6500000,0x00000000f6500000,0x00000000f6780000)
 ParOldGen       total 41984K, used 4572K [0x00000000e0000000, 0x00000000e2900000, 0x00000000f5500000)
  object space 41984K, 10% used [0x00000000e0000000,0x00000000e0477028,0x00000000e2900000)
 PSPermGen       total 21504K, used 7658K [0x00000000dae00000, 0x00000000dc300000, 0x00000000e0000000)
  object space 21504K, 35% used [0x00000000dae00000,0x00000000db57aae8,0x00000000dc300000)
Event: 2.059 GC heap after
Heap after GC invocations=3 (full 0):
 PSYoungGen      total 18944K, used 2544K [0x00000000f5500000, 0x00000000f7a00000, 0x0000000100000000)
  eden space 16384K, 0% used [0x00000000f5500000,0x00000000f5500000,0x00000000f6500000)
  from space 2560K, 99% used [0x00000000f6500000,0x00000000f677c020,0x00000000f6780000)
  to   space 2560K, 0% used [0x00000000f7780000,0x00000000f7780000,0x00000000f7a00000)
 ParOldGen       total 41984K, used 12126K [0x00000000e0000000, 0x00000000e2900000, 0x00000000f5500000)
  object space 41984K, 28% used [0x00000000e0000000,0x00000000e0bd7b58,0x00000000e2900000)
 PSPermGen       total 21504K, used 7658K [0x00000000dae00000, 0x00000000dc300000, 0x00000000e0000000)
  object space 21504K, 35% used [0x00000000dae00000,0x00000000db57aae8,0x00000000dc300000)
}

