# JRE version: Java(TM) SE Runtime Environment (7.0_67-b01) (build 1.7.0_67-b01)
# Java VM: Java HotSpot(TM) 64-Bit Server VM (24.65-b04 mixed mode windows-amd64 compressed oops)
Heap
 PSYoungGen      total 79360K, used 79328K [0x00000000f5500000, 0x00000000fce00000, 0x0000000100000000)
  eden space 55296K, 100% used [0x00000000f5500000,0x00000000f8b00000,0x00000000f8b00000)
  from space 24064K, 99% used [0x00000000f8b00000,0x00000000fa278060,0x00000000fa280000)
  to   space 29696K, 92% used [0x00000000fb100000,0x00000000fcbdcd00,0x00000000fce00000)
 ParOldGen       total 82432K, used 44143K [0x00000000e0000000, 0x00000000e5080000, 0x00000000f5500000)
  object space 82432K, 53% used [0x00000000e0000000,0x00000000e2b1bdb8,0x00000000e5080000)
 PSPermGen       total 22016K, used 21813K [0x00000000dae00000, 0x00000000dc380000, 0x00000000e0000000)
  object space 22016K, 99% used [0x00000000dae00000,0x00000000dc34d558,0x00000000dc380000)
GC Heap History (10 events):
Event: 2.943 GC heap after
Heap after GC invocations=6 (full 1):
 PSYoungGen      total 35328K, used 0K [0x00000000f5500000, 0x00000000fbe00000, 0x0000000100000000)
  eden space 32768K, 0% used [0x00000000f5500000,0x00000000f5500000,0x00000000f7500000)
  from space 2560K, 0% used [0x00000000f7500000,0x00000000f7500000,0x00000000f7780000)
  to   space 20992K, 0% used [0x00000000fa980000,0x00000000fa980000,0x00000000fbe00000)
 ParOldGen       total 82432K, used 38078K [0x00000000e0000000, 0x00000000e5080000, 0x00000000f5500000)
  object space 82432K, 46% used [0x00000000e0000000,0x00000000e252f8e0,0x00000000e5080000)
 PSPermGen       total 21504K, used 9265K [0x00000000dae00000, 0x00000000dc300000, 0x00000000e0000000)
  object space 21504K, 43% used [0x00000000dae00000,0x00000000db70c578,0x00000000dc300000)
}
Event: 3.646 GC heap before
{Heap before GC invocations=7 (full 1):
 PSYoungGen      total 35328K, used 32768K [0x00000000f5500000, 0x00000000fbe00000, 0x0000000100000000)
  eden space 32768K, 100% used [0x00000000f5500000,0x00000000f7500000,0x00000000f7500000)
  from space 2560K, 0% used [0x00000000f7500000,0x00000000f7500000,0x00000000f7780000)
  to   space 20992K, 0% used [0x00000000fa980000,0x00000000fa980000,0x00000000fbe00000)
 ParOldGen       total 82432K, used 38078K [0x00000000e0000000, 0x00000000e5080000, 0x00000000f5500000)
  object space 82432K, 46% used [0x00000000e0000000,0x00000000e252f8e0,0x00000000e5080000)
 PSPermGen       total 21504K, used 12279K [0x00000000dae00000, 0x00000000dc300000, 0x00000000e0000000)
  object space 21504K, 57% used [0x00000000dae00000,0x00000000db9fddd8,0x00000000dc300000)
Event: 3.654 GC heap after
Heap after GC invocations=7 (full 1):
 PSYoungGen      total 49152K, used 4187K [0x00000000f5500000, 0x00000000fae00000, 0x0000000100000000)
  eden space 44544K, 0% used [0x00000000f5500000,0x00000000f5500000,0x00000000f8080000)
  from space 4608K, 90% used [0x00000000fa980000,0x00000000fad96c30,0x00000000fae00000)
  to   space 20480K, 0% used [0x00000000f8600000,0x00000000f8600000,0x00000000f9a00000)
 ParOldGen       total 82432K, used 38078K [0x00000000e0000000, 0x00000000e5080000, 0x00000000f5500000)
  object space 82432K, 46% used [0x00000000e0000000,0x00000000e252f8e0,0x00000000e5080000)
 PSPermGen       total 21504K, used 12279K [0x00000000dae00000, 0x00000000dc300000, 0x00000000e0000000)
  object space 21504K, 57% used [0x00000000dae00000,0x00000000db9fddd8,0x00000000dc300000)
}
Event: 4.332 GC heap before
{Heap before GC invocations=8 (full 1):
 PSYoungGen      total 49152K, used 48731K [0x00000000f5500000, 0x00000000fae00000, 0x0000000100000000)
  eden space 44544K, 100% used [0x00000000f5500000,0x00000000f8080000,0x00000000f8080000)
  from space 4608K, 90% used [0x00000000fa980000,0x00000000fad96c30,0x00000000fae00000)
  to   space 20480K, 0% used [0x00000000f8600000,0x00000000f8600000,0x00000000f9a00000)
 ParOldGen       total 82432K, used 38078K [0x00000000e0000000, 0x00000000e5080000, 0x00000000f5500000)
  object space 82432K, 46% used [0x00000000e0000000,0x00000000e252f8e0,0x00000000e5080000)
 PSPermGen       total 21504K, used 12740K [0x00000000dae00000, 0x00000000dc300000, 0x00000000e0000000)
  object space 21504K, 59% used [0x00000000dae00000,0x00000000dba71378,0x00000000dc300000)
Event: 4.355 GC heap after
Heap after GC invocations=8 (full 1):
 PSYoungGen      total 70656K, used 10809K [0x00000000f5500000, 0x00000000fb600000, 0x0000000100000000)
  eden space 50176K, 0% used [0x00000000f5500000,0x00000000f5500000,0x00000000f8600000)
  from space 20480K, 52% used [0x00000000f8600000,0x00000000f908e7f0,0x00000000f9a00000)
  to   space 19968K, 0% used [0x00000000fa280000,0x00000000fa280000,0x00000000fb600000)
 ParOldGen       total 82432K, used 38078K [0x00000000e0000000, 0x00000000e5080000, 0x00000000f5500000)
  object space 82432K, 46% used [0x00000000e0000000,0x00000000e252f8e0,0x00000000e5080000)
 PSPermGen       total 21504K, used 12740K [0x00000000dae00000, 0x00000000dc300000, 0x00000000e0000000)
  object space 21504K, 59% used [0x00000000dae00000,0x00000000dba71378,0x00000000dc300000)
}
Event: 5.455 GC heap before
{Heap before GC invocations=9 (full 1):
 PSYoungGen      total 70656K, used 60985K [0x00000000f5500000, 0x00000000fb600000, 0x0000000100000000)
  eden space 50176K, 100% used [0x00000000f5500000,0x00000000f8600000,0x00000000f8600000)
  from space 20480K, 52% used [0x00000000f8600000,0x00000000f908e7f0,0x00000000f9a00000)
  to   space 19968K, 0% used [0x00000000fa280000,0x00000000fa280000,0x00000000fb600000)
 ParOldGen       total 82432K, used 38078K [0x00000000e0000000, 0x00000000e5080000, 0x00000000f5500000)
  object space 82432K, 46% used [0x00000000e0000000,0x00000000e252f8e0,0x00000000e5080000)
 PSPermGen       total 21504K, used 17711K [0x00000000dae00000, 0x00000000dc300000, 0x00000000e0000000)
  object space 21504K, 82% used [0x00000000dae00000,0x00000000dbf4bfc8,0x00000000dc300000)
Event: 5.485 GC heap after
Heap after GC invocations=9 (full 1):
 PSYoungGen      total 75264K, used 19957K [0x00000000f5500000, 0x00000000fc380000, 0x0000000100000000)
  eden space 55296K, 0% used [0x00000000f5500000,0x00000000f5500000,0x00000000f8b00000)
  from space 19968K, 99% used [0x00000000fa280000,0x00000000fb5fd6b0,0x00000000fb600000)
  to   space 24064K, 0% used [0x00000000f8b00000,0x00000000f8b00000,0x00000000fa280000)
 ParOldGen       total 82432K, used 39931K [0x00000000e0000000, 0x00000000e5080000, 0x00000000f5500000)
  object space 82432K, 48% used [0x00000000e0000000,0x00000000e26fef40,0x00000000e5080000)
 PSPermGen       total 21504K, used 17711K [0x00000000dae00000, 0x00000000dc300000, 0x00000000e0000000)
  object space 21504K, 82% used [0x00000000dae00000,0x00000000dbf4bfc8,0x00000000dc300000)
}
Event: 6.669 GC heap before
{Heap before GC invocations=10 (full 1):
 PSYoungGen      total 75264K, used 75253K [0x00000000f5500000, 0x00000000fc380000, 0x0000000100000000)
  eden space 55296K, 100% used [0x00000000f5500000,0x00000000f8b00000,0x00000000f8b00000)
  from space 19968K, 99% used [0x00000000fa280000,0x00000000fb5fd6b0,0x00000000fb600000)
  to   space 24064K, 0% used [0x00000000f8b00000,0x00000000f8b00000,0x00000000fa280000)
 ParOldGen       total 82432K, used 39931K [0x00000000e0000000, 0x00000000e5080000, 0x00000000f5500000)
  object space 82432K, 48% used [0x00000000e0000000,0x00000000e26fef40,0x00000000e5080000)
 PSPermGen       total 21504K, used 20154K [0x00000000dae00000, 0x00000000dc300000, 0x00000000e0000000)
  object space 21504K, 93% used [0x00000000dae00000,0x00000000dc1ae8e8,0x00000000dc300000)
Event: 6.706 GC heap after
Heap after GC invocations=10 (full 1):
 PSYoungGen      total 79360K, used 24032K [0x00000000f5500000, 0x00000000fce00000, 0x0000000100000000)
  eden space 55296K, 0% used [0x00000000f5500000,0x00000000f5500000,0x00000000f8b00000)
  from space 24064K, 99% used [0x00000000f8b00000,0x00000000fa278060,0x00000000fa280000)
  to   space 29696K, 0% used [0x00000000fb100000,0x00000000fb100000,0x00000000fce00000)
 ParOldGen       total 82432K, used 44135K [0x00000000e0000000, 0x00000000e5080000, 0x00000000f5500000)
  object space 82432K, 53% used [0x00000000e0000000,0x00000000e2b19db8,0x00000000e5080000)
 PSPermGen       total 21504K, used 20154K [0x00000000dae00000, 0x00000000dc300000, 0x00000000e0000000)
  object space 21504K, 93% used [0x00000000dae00000,0x00000000dc1ae8e8,0x00000000dc300000)
}
Event: 7.629 GC heap before
{Heap before GC invocations=11 (full 1):
 PSYoungGen      total 79360K, used 79328K [0x00000000f5500000, 0x00000000fce00000, 0x0000000100000000)
  eden space 55296K, 100% used [0x00000000f5500000,0x00000000f8b00000,0x00000000f8b00000)
  from space 24064K, 99% used [0x00000000f8b00000,0x00000000fa278060,0x00000000fa280000)
  to   space 29696K, 0% used [0x00000000fb100000,0x00000000fb100000,0x00000000fce00000)
 ParOldGen       total 82432K, used 44135K [0x00000000e0000000, 0x00000000e5080000, 0x00000000f5500000)
  object space 82432K, 53% used [0x00000000e0000000,0x00000000e2b19db8,0x00000000e5080000)
 PSPermGen       total 22016K, used 21813K [0x00000000dae00000, 0x00000000dc380000, 0x00000000e0000000)
  object space 22016K, 99% used [0x00000000dae00000,0x00000000dc34d558,0x00000000dc380000)

